#
# A fatal error has been detected by the Java Runtime Environment:
#
#  EXCEPTION_ACCESS_VIOLATION (0xc0000005) at pc=0x00007fff2798cd54, pid=6764, tid=44972
#
# JRE version: OpenJDK Runtime Environment (25.0+36) (build 25+36-3489)
# Java VM: OpenJDK 64-Bit Server VM (25+36-3489, mixed mode, sharing, tiered, compressed oops, compressed class ptrs, g1 gc, windows-amd64)
# Problematic frame:
# V  [jvm.dll+0x8ccd54]
#
# No core dump will be written. Minidumps are not enabled by default on client versions of Windows
#
# If you would like to submit a bug report, please visit:
#   https://bugreport.java.com/bugreport/crash.jsp
#

---------------  S U M M A R Y ------------

Command Line: -javaagent:C:\Program Files\JetBrains\IntelliJ IDEA 2024.3.4.1\lib\idea_rt.jar=56089 -Dfile.encoding=UTF-8 -Dsun.stdout.encoding=UTF-8 -Dsun.stderr.encoding=UTF-8 com.test.minestom.Main

Host: Intel(R) Core(TM) i9-14900K, 32 cores, 127G,  Windows 11 , 64 bit Build 26100 (10.0.26100.6725)
Time: Tue Oct 21 15:33:16 2025 Central Daylight Time elapsed time: 0.828316 seconds (0d 0h 0m 0s)

---------------  T H R E A D  ---------------

Current thread (0x00000215d331c320):  JavaThread "main"             [_thread_in_vm, id=44972, stack(0x000000b82e600000,0x000000b82e700000) (1024K)]

Stack: [0x000000b82e600000,0x000000b82e700000],  sp=0x000000b82e6fdc00,  free space=1015k
Native frames: (J=compiled Java code, j=interpreted, Vv=VM code, C=native code)
V  [jvm.dll+0x8ccd54]  (no source info available)
V  [jvm.dll+0x45f8ca]  (no source info available)
V  [jvm.dll+0x45f1f8]  (no source info available)
V  [jvm.dll+0x45fc82]  (no source info available)
V  [jvm.dll+0x45f923]  (no source info available)
V  [jvm.dll+0x45f1f8]  (no source info available)
V  [jvm.dll+0x45f903]  (no source info available)
V  [jvm.dll+0x45f1f8]  (no source info available)
V  [jvm.dll+0x45f903]  (no source info available)
V  [jvm.dll+0x45f1f8]  (no source info available)
V  [jvm.dll+0x47156d]  (no source info available)
C  0x00000215e54ba858  (no source info available)

The last pc belongs to new (printed below).
Java frames: (J=compiled Java code, j=interpreted, Vv=VM code)
j  net.minestom.server.utils.collection.AutoIncrementMap.<init>()V+5
j  net.minestom.server.tag.Tag.<clinit>()V+20
v  ~StubRoutines::call_stub 0x00000215e54a12ed
j  com.minestom.mechanics.damage.components.FallDamageTracker.<clinit>()V+10
v  ~StubRoutines::call_stub 0x00000215e54a12ed
j  com.minestom.mechanics.damage.DamageFeature.<init>(Lcom/minestom/mechanics/config/gameplay/DamageConfig;)V+38
j  com.minestom.mechanics.damage.DamageFeature.initialize(Lcom/minestom/mechanics/config/gameplay/DamageConfig;)Lcom/minestom/mechanics/damage/DamageFeature;+29
j  com.minestom.mechanics.MechanicsManager$ConfigurationBuilder.initialize()Lcom/minestom/mechanics/MechanicsManager;+72
j  com.test.minestom.Main.initializePvP()V+44
j  com.test.minestom.Main.main([Ljava/lang/String;)V+82
v  ~StubRoutines::call_stub 0x00000215e54a12ed

siginfo: EXCEPTION_ACCESS_VIOLATION (0xc0000005), reading address 0x0000000000000131


Registers:
RAX=0x00000000fffffff8, RBX=0x00000000f8183718, RCX=0x0000000000000001, RDX=0x00000215d331ca08
RSP=0x000000b82e6fdc00, RBP=0x000000b82e6fdd30, RSI=0x000000b82e6fdcd0, RDI=0x000000b82e6fdcc0
R8 =0x0000000000000000, R9 =0x00000215d331ca10, R10=0x00000000f8183718, R11=0x0000000000000001
R12=0x0000000000000000, R13=0x00000215faf387f8, R14=0x00000215d331c320, R15=0x00000215d331c320
RIP=0x00007fff2798cd54, EFLAGS=0x0000000000010206

XMM[0]=0x3b3b3b3b3b3b3b3b 0x3b3b3b3b3b3b3b3b
XMM[1]=0x0000000000000000 0x00000000000000ff
XMM[2]=0x00000215faf39c18 0x00000215faf39af8
XMM[3]=0x00000215faf39d08 0x00000215faf3b5a0
XMM[4]=0x00000215faf3ad98 0x00000215faf3a5f0
XMM[5]=0x00000215faf3a428 0x00000215faf3a138
XMM[6]=0x5d2087ed53fbeaf1 0x9e79717434b32e2d
XMM[7]=0xd3bdaae90d4ca252 0x0c2342a1a3422298
XMM[8]=0x03be3e44b84b6314 0x5120ff6c5c52007f
XMM[9]=0xdcc7a0bcdcc7a0bc 0xdcc7a0bcc017acb8
XMM[10]=0x0000000000000000 0x00000000e3500bfc
XMM[11]=0x69aa5e9569aa5e95 0x69aa5e9529c20b4d
XMM[12]=0x0000000000000000 0x00000000c017acb8
XMM[13]=0x0000000000000000 0x0000000000000000
XMM[14]=0x0000000000000000 0x0000000000000000
XMM[15]=0x0000000000000000 0x0000000000000000
  MXCSR=0x00001fa2


Register to memory mapping:

RAX=
[error occurred during error reporting (printing register info), id 0xc0000005, EXCEPTION_ACCESS_VIOLATION (0xc0000005) at pc=0x00007fff2746f280]
RBX=0x00000000f8183718 is an oop: [I 
{0x00000000f8183718} - klass: {type array int} - flags: is_cloneable_fast 

 - length: 0
RCX=0x0000000000000001 is an unknown value
RDX=0x00000215d331ca08 points into unknown readable memory: 0x00000000f8183718 | 18 37 18 f8 00 00 00 00
RSP=0x000000b82e6fdc00 is pointing into the stack for thread: 0x00000215d331c320
RBP=0x000000b82e6fdd30 is pointing into the stack for thread: 0x00000215d331c320
RSI=0x000000b82e6fdcd0 is pointing into the stack for thread: 0x00000215d331c320
RDI=0x000000b82e6fdcc0 is pointing into the stack for thread: 0x00000215d331c320
R8 =0x0 is null
R9 =0x00000215d331ca10 points into unknown readable memory: 0x00000000f8187358 | 58 73 18 f8 00 00 00 00
R10=0x00000000f8183718 is an oop: [I 
{0x00000000f8183718} - klass: {type array int} - flags: is_cloneable_fast 

 - length: 0
R11=0x0000000000000001 is an unknown value
R12=0x0 is null
R13=0x00000215faf387f8 is a pointer to class: 
it.unimi.dsi.fastutil.objects.Object2IntFunction {0x00000215faf38800}
 - instance size:     2
 - klass size:        65
 - access:            public interface abstract 
 - flags:             rewritten should_verify_class has_nonstatic_concrete_methods declares_nonstatic_concrete_methods defined_by_app_loader has_localvariable_table has_miranda_methods 
 - state:             being_initialized
 - name:              'it/unimi/dsi/fastutil/objects/Object2IntFunction'
 - super:             'java/lang/Object'
 - sub:               
 - nof implementors:  1
 - implementor:    
   'it/unimi/dsi/fastutil/objects/AbstractObject2IntFunction'
 - arrays:            null
 - methods:           Array<T>(0x00000215faf35ae8)
 - method ordering:   Array<T>(0x000000001b71f330)
 - default_methods:   Array<T>(0x00000215faf38a20)
 - default vtable indices:   Array<T>(0x00000215faf38a50)
 - local interfaces:  Array<T>(0x00000215faf35ad0)
 - trans. interfaces: Array<T>(0x00000215faf387c0)
 - secondary supers: Array<T>(0x00000215faf38a00)
 - hash_slot:         62
 - secondary bitmap: 0x0400100004000000
 - constants:         constant pool [460]/operands[126] {0x00000215faf34b58} for 'it/unimi/dsi/fastutil/objects/Object2IntFunction' cache=0x00000215faf40b60
 - class loader data:  loader data: 0x00000215ee691150 for instance a 'jdk/internal/loader/ClassLoaders$AppClassLoader'{0x00000000fb000060}
 - source file:       'Object2IntFunction.java'
 - class annotations:       Array<T>(0x00000215faf37ff0)
 - generic signature: '<K:Ljava/lang/Object;>Ljava/lang/Object;Lit/unimi/dsi/fastutil/Function<TK;Ljava/lang/Integer;>;Ljava/util/function/ToIntFunction<TK;>;'
 - inner classes:     Array<T>(0x00000215faf38788)
 - nest members:     Array<T>(0x000000001b69faf8)
 - permitted subclasses:     Array<T>(0x000000001b69faf8)
 - java mirror:       a 'java/lang/Class'{0x00000000f81836a0} = 'it/unimi/dsi/fastutil/objects/Object2IntFunction'
 - vtable length      5  (start addr: 0x00000215faf389d0)
 - itable length      0 (start addr: 0x00000215faf389f8)
 - ---- static fields (0 words):
 - ---- non-static fields (0 words):
 - non-static oop maps (0 entries): 
R14=0x00000215d331c320 is a thread
R15=0x00000215d331c320 is a thread

Top of Stack: (sp=0x000000b82e6fdc00)
0x000000b82e6fdc00:   00000000f8183718 000000b82e6fdd30   .7......0.o.....
0x000000b82e6fdc10:   000000b82e6fdcd0 000000b82e6fdcc0   ..o.......o.....
0x000000b82e6fdc20:   0000000000000000 00007fff2751f8ca   ..........Q'....
0x000000b82e6fdc30:   00000215faf3ff38 0000000000000000   8...............
0x000000b82e6fdc40:   00000000f8183718 00000215faf3e120   .7...... .......
0x000000b82e6fdc50:   00000215faf2e078 00000215d331c320   x....... .1.....
0x000000b82e6fdc60:   0000000e00000003 003f003e00000000   ............>.?.
0x000000b82e6fdc70:   0000000000000000 00000215d33e02a4   ..........>.....
0x000000b82e6fdc80:   0000000000000000 00000215d331c320   ........ .1.....
0x000000b82e6fdc90:   00000215d3302950 00000215d331cae0   P)0.......1.....
0x000000b82e6fdca0:   00000215d331cb30 00000215d331cbd0   0.1.......1.....
0x000000b82e6fdcb0:   00000000000000d8 000000b82e6fded8   ..........o.....
0x000000b82e6fdcc0:   00000215d331c320 00000215d331cb30    .1.....0.1.....
0x000000b82e6fdcd0:   0000000000000000 0000000000000000   ................
0x000000b82e6fdce0:   0000000000000000 0000000000000002   ................
0x000000b82e6fdcf0:   0000000000000008 00007ff80421cde4   ..........!.....
0x000000b82e6fdd00:   00000215d33e0000 0000000000000006   ..>.............
0x000000b82e6fdd10:   0000000000000008 00007fff00000000   ................
0x000000b82e6fdd20:   00000000f8188fb0 0000000000000010   ................
0x000000b82e6fdd30:   0000000000000001 00000215f9b386d0   ................
0x000000b82e6fdd40:   00007fff27b86a40 0000000000000000   @j.'............
0x000000b82e6fdd50:   0000000000000003 0000000000000008   ................
0x000000b82e6fdd60:   0000000000000000 00007fff27751c35   ........5.u'....
0x000000b82e6fdd70:   00000215d5819f58 00007fff2775c352   X.......R.u'....
0x000000b82e6fdd80:   000000b82e6fdf80 00007ff80421cca4   ..o.......!.....
0x000000b82e6fdd90:   0000021500000002 0000000000000000   ................
0x000000b82e6fdda0:   0000000000000000 0000000000000000   ................
0x000000b82e6fddb0:   0000000000000000 0000000200000000   ................
0x000000b82e6fddc0:   00000215000003e8 00007fff2798aa33   ........3..'....
0x000000b82e6fddd0:   0000e425f4aa8e86 00000215faf2e078   ....%...x.......
0x000000b82e6fdde0:   00000215faf3e120 0000000000000000    ...............
0x000000b82e6fddf0:   00000215d331c320 0000000000000000    .1.............

Instructions: (pc=0x00007fff2798cd54)
  0x00007fff2798cc54:   8b ce 48 8b 3b ff 50 30 49 8b ce 41 b8 01 00 00
  0x00007fff2798cc64:   00 84 c0 48 8b d7 48 0f 44 cd e8 0d 22 00 00 49
  0x00007fff2798cc74:   8b d6 48 8b c8 e8 d2 9c eb ff 84 c0 74 ce 48 8b
  0x00007fff2798cc84:   7c 24 30 48 8b 5c 24 38 48 8b c6 48 8b 74 24 48
  0x00007fff2798cc94:   48 8b 6c 24 40 48 83 c4 20 41 5e c3 40 57 48 83
  0x00007fff2798cca4:   ec 20 48 89 5c 24 38 48 8b f9 48 8b 59 08 48 85
  0x00007fff2798ccb4:   db 0f 84 a3 00 00 00 48 8b 1b 48 85 db 0f 84 97
  0x00007fff2798ccc4:   00 00 00 48 89 74 24 40 45 33 c0 48 8d 71 10 4c
  0x00007fff2798ccd4:   89 74 24 48 4c 8b 31 ba 01 00 00 00 49 8b ce e8
  0x00007fff2798cce4:   78 e5 bb ff 8b 05 ba 92 41 00 83 f8 02 75 10 4d
  0x00007fff2798ccf4:   8b c6 48 8b d6 48 8b cb e8 9f 52 dc ff eb 51 85
  0x00007fff2798cd04:   c0 74 20 48 8b 03 83 3d 97 92 41 00 01 75 14 48
  0x00007fff2798cd14:   8b 0e 48 85 c9 74 39 48 3b c6 75 07 f0 48 0f b1
  0x00007fff2798cd24:   0b 74 2d 49 8b 06 49 8b ce ff 50 30 33 d2 49 8b
  0x00007fff2798cd34:   ce 84 c0 48 0f 44 ca 45 33 c0 48 8b d3 e8 3a 21
  0x00007fff2798cd44:   00 00 41 b0 01 49 8b d6 48 8b c8 e8 fc a3 eb ff
=>0x00007fff2798cd54:   48 8b 74 24 40 4c 8b 74 24 48 80 7f 20 00 48 8b
  0x00007fff2798cd64:   5c 24 38 74 10 48 8b 4f 18 8b 41 38 85 c0 74 05
  0x00007fff2798cd74:   ff c8 89 41 38 48 83 c4 20 5f c3 cc 40 57 41 57
  0x00007fff2798cd84:   48 83 ec 68 48 8b 01 48 8b fa 4c 8b f9 4c 8b 00
  0x00007fff2798cd94:   41 80 38 00 75 45 48 8b 42 40 48 a9 fd ff ff ff
  0x00007fff2798cda4:   75 39 48 63 82 b8 00 00 00 48 8b 92 90 00 00 00
  0x00007fff2798cdb4:   48 0b d0 48 63 87 ac 00 00 00 85 c0 7e 03 48 0b
  0x00007fff2798cdc4:   d0 48 8b 47 40 48 83 f8 02 74 07 48 8b 47 40 48
  0x00007fff2798cdd4:   0b d0 48 85 d2 0f 84 34 02 00 00 48 8b 4f 08 48
  0x00007fff2798cde4:   89 9c 24 88 00 00 00 48 89 6c 24 60 48 89 74 24
  0x00007fff2798cdf4:   58 4c 89 64 24 50 45 33 e4 4c 89 6c 24 48 4c 89
  0x00007fff2798ce04:   74 24 40 48 85 c9 75 05 45 8b f4 eb 09 ff 15 d9
  0x00007fff2798ce14:   68 41 00 4c 8b f0 44 38 25 bf f3 47 00 48 8b 1f
  0x00007fff2798ce24:   75 08 48 c1 eb 0b 0f ba f3 1f 65 48 8b 04 25 58
  0x00007fff2798ce34:   00 00 00 8b 0d 7f a9 4d 00 48 8b 34 c8 b8 48 00
  0x00007fff2798ce44:   00 00 44 38 24 30 75 05 e8 17 ac 11 00 b8 20 00


Stack slot to memory mapping:

stack at sp + 0 slots: 0x00000000f8183718 is an oop: [I 
{0x00000000f8183718} - klass: {type array int} - flags: is_cloneable_fast 

 - length: 0
stack at sp + 1 slots: 0x000000b82e6fdd30 is pointing into the stack for thread: 0x00000215d331c320
stack at sp + 2 slots: 0x000000b82e6fdcd0 is pointing into the stack for thread: 0x00000215d331c320
stack at sp + 3 slots: 0x000000b82e6fdcc0 is pointing into the stack for thread: 0x00000215d331c320
stack at sp + 4 slots: 0x0 is null
stack at sp + 5 slots: 0x00007fff2751f8ca jvm.dll
stack at sp + 6 slots: 0x00000215faf3ff38 is pointing into metadata
stack at sp + 7 slots: 0x0 is null

Lock stack of current Java thread (top to bottom):


---------------  P R O C E S S  ---------------

Threads class SMR info:
_java_thread_list=0x000002159f3cea60, length=22, elements={
0x00000215d331c320, 0x00000215ee6c1e90, 0x00000215ee6c2650, 0x00000215ee6c9920,
0x00000215ee6cac90, 0x00000215ee6cc7e0, 0x00000215ee6cdfe0, 0x00000215ee6d7bf0,
0x00000215f99bb3a0, 0x00000215f9a4e7d0, 0x00000215f9a4cfa0, 0x00000215f9a4f7f0,
0x00000215f9a50000, 0x00000215f9bb1110, 0x00000215fe046690, 0x00000215fe046e50,
0x00000215f9a51830, 0x00000215f9a53870, 0x00000215fec11da0, 0x00000215fec13de0,
0x00000215fec125b0, 0x000002159f1b7d30
}

Java Threads: ( => current thread )
=>0x00000215d331c320 JavaThread "main"                              [_thread_in_vm, id=44972, stack(0x000000b82e600000,0x000000b82e700000) (1024K)]
  0x00000215ee6c1e90 JavaThread "Reference Handler"          daemon [_thread_blocked, id=6800, stack(0x000000b82ee00000,0x000000b82ef00000) (1024K)]
  0x00000215ee6c2650 JavaThread "Finalizer"                  daemon [_thread_blocked, id=41452, stack(0x000000b82ef00000,0x000000b82f000000) (1024K)]
  0x00000215ee6c9920 JavaThread "Signal Dispatcher"          daemon [_thread_blocked, id=48240, stack(0x000000b82f000000,0x000000b82f100000) (1024K)]
  0x00000215ee6cac90 JavaThread "Attach Listener"            daemon [_thread_blocked, id=35172, stack(0x000000b82f100000,0x000000b82f200000) (1024K)]
  0x00000215ee6cc7e0 JavaThread "Service Thread"             daemon [_thread_blocked, id=14688, stack(0x000000b82f200000,0x000000b82f300000) (1024K)]
  0x00000215ee6cdfe0 JavaThread "Monitor Deflation Thread"   daemon [_thread_blocked, id=11308, stack(0x000000b82f300000,0x000000b82f400000) (1024K)]
  0x00000215ee6d7bf0 JavaThread "C2 CompilerThread0"         daemon [_thread_blocked, id=12864, stack(0x000000b82f400000,0x000000b82f500000) (1024K)]
  0x00000215f99bb3a0 JavaThread "C1 CompilerThread0"         daemon [_thread_blocked, id=47868, stack(0x000000b82f500000,0x000000b82f600000) (1024K)]
  0x00000215f9a4e7d0 JavaThread "C1 CompilerThread1"         daemon [_thread_blocked, id=46888, stack(0x000000b82f600000,0x000000b82f700000) (1024K)]
  0x00000215f9a4cfa0 JavaThread "C1 CompilerThread2"         daemon [_thread_blocked, id=48304, stack(0x000000b82f700000,0x000000b82f800000) (1024K)]
  0x00000215f9a4f7f0 JavaThread "C1 CompilerThread3"         daemon [_thread_blocked, id=13996, stack(0x000000b82f800000,0x000000b82f900000) (1024K)]
  0x00000215f9a50000 JavaThread "C2 CompilerThread1"         daemon [_thread_blocked, id=48508, stack(0x000000b82f900000,0x000000b82fa00000) (1024K)]
  0x00000215f9bb1110 JavaThread "Common-Cleaner"             daemon [_thread_blocked, id=43780, stack(0x000000b82fa00000,0x000000b82fb00000) (1024K)]
  0x00000215fe046690 JavaThread "Monitor Ctrl-Break"         daemon [_thread_in_native, id=46572, stack(0x000000b82fb00000,0x000000b82fc00000) (1024K)]
  0x00000215fe046e50 JavaThread "Notification Thread"        daemon [_thread_blocked, id=38968, stack(0x000000b82fc00000,0x000000b82fd00000) (1024K)]
  0x00000215f9a51830 JavaThread "C1 CompilerThread4"         daemon [_thread_blocked, id=42716, stack(0x000000b82fd00000,0x000000b82fe00000) (1024K)]
  0x00000215f9a53870 JavaThread "C2 CompilerThread2"         daemon [_thread_blocked, id=36772, stack(0x000000b82fe00000,0x000000b82ff00000) (1024K)]
  0x00000215fec11da0 JavaThread "C2 CompilerThread3"         daemon [_thread_blocked, id=47632, stack(0x000000b82ff00000,0x000000b830000000) (1024K)]
  0x00000215fec13de0 JavaThread "C2 CompilerThread4"         daemon [_thread_blocked, id=48148, stack(0x000000b830000000,0x000000b830100000) (1024K)]
  0x00000215fec125b0 JavaThread "C2 CompilerThread5"         daemon [_thread_blocked, id=35680, stack(0x000000b830100000,0x000000b830200000) (1024K)]
  0x000002159f1b7d30 JavaThread "Cleaner-0"                  daemon [_thread_blocked, id=8532, stack(0x000000b831800000,0x000000b831900000) (1024K)]
Total: 22

Other Threads:
  0x00000215ee6b2f00 VMThread "VM Thread"                           [id=39484, stack(0x000000b82ed00000,0x000000b82ee00000) (1024K)]
  0x00000215ee6a59a0 WatcherThread "VM Periodic Task Thread"        [id=24376, stack(0x000000b82ec00000,0x000000b82ed00000) (1024K)]
  0x00000215d5849470 WorkerThread "GC Thread#0"                     [id=42508, stack(0x000000b82e700000,0x000000b82e800000) (1024K)]
  0x00000215feb04830 WorkerThread "GC Thread#1"                     [id=44536, stack(0x000000b830200000,0x000000b830300000) (1024K)]
  0x00000215feb043e0 WorkerThread "GC Thread#2"                     [id=37476, stack(0x000000b830300000,0x000000b830400000) (1024K)]
  0x00000215feb02a00 WorkerThread "GC Thread#3"                     [id=44196, stack(0x000000b830400000,0x000000b830500000) (1024K)]
  0x00000215feb01d10 WorkerThread "GC Thread#4"                     [id=38044, stack(0x000000b830500000,0x000000b830600000) (1024K)]
  0x00000215feb03b40 WorkerThread "GC Thread#5"                     [id=10464, stack(0x000000b830600000,0x000000b830700000) (1024K)]
  0x00000215feb05520 WorkerThread "GC Thread#6"                     [id=42800, stack(0x000000b830700000,0x000000b830800000) (1024K)]
  0x00000215feb02160 WorkerThread "GC Thread#7"                     [id=19256, stack(0x000000b830800000,0x000000b830900000) (1024K)]
  0x00000215feb03f90 WorkerThread "GC Thread#8"                     [id=40896, stack(0x000000b830900000,0x000000b830a00000) (1024K)]
  0x00000215feb05dc0 WorkerThread "GC Thread#9"                     [id=46048, stack(0x000000b830a00000,0x000000b830b00000) (1024K)]
  0x00000215feb04c80 WorkerThread "GC Thread#10"                    [id=47896, stack(0x000000b830b00000,0x000000b830c00000) (1024K)]
  0x00000215feb025b0 WorkerThread "GC Thread#11"                    [id=37328, stack(0x000000b830c00000,0x000000b830d00000) (1024K)]
  0x00000215feb050d0 WorkerThread "GC Thread#12"                    [id=38600, stack(0x000000b830d00000,0x000000b830e00000) (1024K)]
  0x00000215feb05970 WorkerThread "GC Thread#13"                    [id=48420, stack(0x000000b830e00000,0x000000b830f00000) (1024K)]
  0x00000215feb06210 WorkerThread "GC Thread#14"                    [id=47616, stack(0x000000b830f00000,0x000000b831000000) (1024K)]
  0x00000215feb06660 WorkerThread "GC Thread#15"                    [id=17096, stack(0x000000b831000000,0x000000b831100000) (1024K)]
  0x00000215feb06ab0 WorkerThread "GC Thread#16"                    [id=10768, stack(0x000000b831100000,0x000000b831200000) (1024K)]
  0x00000215feb02e50 WorkerThread "GC Thread#17"                    [id=13452, stack(0x000000b831200000,0x000000b831300000) (1024K)]
  0x00000215feb032a0 WorkerThread "GC Thread#18"                    [id=28616, stack(0x000000b831300000,0x000000b831400000) (1024K)]
  0x00000215feb06f00 WorkerThread "GC Thread#19"                    [id=45384, stack(0x000000b831400000,0x000000b831500000) (1024K)]
  0x00000215feb095d0 WorkerThread "GC Thread#20"                    [id=38920, stack(0x000000b831500000,0x000000b831600000) (1024K)]
  0x00000215feb07350 WorkerThread "GC Thread#21"                    [id=36932, stack(0x000000b831600000,0x000000b831700000) (1024K)]
  0x00000215feb077a0 WorkerThread "GC Thread#22"                    [id=44192, stack(0x000000b831700000,0x000000b831800000) (1024K)]
  0x00000215d5862c70 ConcurrentGCThread "G1 Main Marker"            [id=42032, stack(0x000000b82e800000,0x000000b82e900000) (1024K)]
  0x00000215d58647c0 WorkerThread "G1 Conc#0"                       [id=42016, stack(0x000000b82e900000,0x000000b82ea00000) (1024K)]
  0x00000215ee68dd80 ConcurrentGCThread "G1 Refine#0"               [id=46104, stack(0x000000b82ea00000,0x000000b82eb00000) (1024K)]
  0x00000215ee68e640 ConcurrentGCThread "G1 Service"                [id=45764, stack(0x000000b82eb00000,0x000000b82ec00000) (1024K)]
Total: 29

Threads with active compile tasks:
Total: 0

VM state: not at safepoint (normal execution)

VM Mutex/Monitor currently owned by a thread: None

Heap address: 0x0000000082000000, size: 30688 MB, Compressed Oops mode: Zero based, Oop shift amount: 3

CDS archive(s) mapped at: [0x000000001b000000-0x000000001bdd0000-0x000000001bdd0000), size 14483456, SharedBaseAddress: 0x000000001b000000, ArchiveRelocationMode: 1.
Compressed class space mapped at: 0x000000001c000000-0x000000005c000000, reserved size: 1073741824
UseCompressedClassPointers 1, UseCompactObjectHeaders 0
Narrow klass pointer bits 32, Max shift 3
Narrow klass base: 0x000000001b000000, Narrow klass shift: 0
Encoding Range: [0x000000001b000000 - 0x000000011b000000), (4294967296 bytes)
Klass Range:    [0x000000001b010000 - 0x000000005c000000), (1090453504 bytes)
Klass ID Range:  [65536 - 1090519033) (1090453497)
Protection zone: [0x000000001b000000 - 0x000000001b010000), (65536 bytes)

GC Precious Log:
 CardTable entry size: 512
 Card Set container configuration: InlinePtr #cards 3 size 8 Array Of Cards #cards 128 size 272 Howl #buckets 8 coarsen threshold 29491 Howl Bitmap #cards 4096 size 528 coarsen threshold 3686 Card regions per heap region 1 cards per card region 32768
 CPUs: 32 total, 32 available
 Memory: 127G
 Large Page Support: Disabled
 NUMA Support: Disabled
 Compressed Oops: Enabled (Zero based)
 Heap Region Size: 16M
 Heap Min Capacity: 16M
 Heap Initial Capacity: 2G
 Heap Max Capacity: 30688M
 Pre-touch: Disabled
 Parallel Workers: 23
 Concurrent Workers: 6
 Concurrent Refinement Workers: 23
 Periodic GC: Disabled

Heap:
 garbage-first heap   total reserved 31424512K, committed 2113536K, used 142328K [0x0000000082000000, 0x0000000800000000)
  region size 16384K, 10 young (163840K), 1 survivors (16384K)

Heap Regions: E=young(eden), S=young(survivor), O=old, HS=humongous(starts), HC=humongous(continues), CS=collection set, F=free, TAMS=top-at-mark-start, PB=parsable bottom
|   0|0x0000000082000000, 0x0000000082000000, 0x0000000083000000|  0%| F|  |TAMS 0x0000000082000000| PB 0x0000000082000000| Untracked |  0
|   1|0x0000000083000000, 0x0000000083000000, 0x0000000084000000|  0%| F|  |TAMS 0x0000000083000000| PB 0x0000000083000000| Untracked |  0
|   2|0x0000000084000000, 0x0000000084000000, 0x0000000085000000|  0%| F|  |TAMS 0x0000000084000000| PB 0x0000000084000000| Untracked |  0
|   3|0x0000000085000000, 0x0000000085000000, 0x0000000086000000|  0%| F|  |TAMS 0x0000000085000000| PB 0x0000000085000000| Untracked |  0
|   4|0x0000000086000000, 0x0000000086000000, 0x0000000087000000|  0%| F|  |TAMS 0x0000000086000000| PB 0x0000000086000000| Untracked |  0
|   5|0x0000000087000000, 0x0000000087000000, 0x0000000088000000|  0%| F|  |TAMS 0x0000000087000000| PB 0x0000000087000000| Untracked |  0
|   6|0x0000000088000000, 0x0000000088000000, 0x0000000089000000|  0%| F|  |TAMS 0x0000000088000000| PB 0x0000000088000000| Untracked |  0
|   7|0x0000000089000000, 0x0000000089000000, 0x000000008a000000|  0%| F|  |TAMS 0x0000000089000000| PB 0x0000000089000000| Untracked |  0
|   8|0x000000008a000000, 0x000000008a000000, 0x000000008b000000|  0%| F|  |TAMS 0x000000008a000000| PB 0x000000008a000000| Untracked |  0
|   9|0x000000008b000000, 0x000000008b000000, 0x000000008c000000|  0%| F|  |TAMS 0x000000008b000000| PB 0x000000008b000000| Untracked |  0
|  10|0x000000008c000000, 0x000000008c000000, 0x000000008d000000|  0%| F|  |TAMS 0x000000008c000000| PB 0x000000008c000000| Untracked |  0
|  11|0x000000008d000000, 0x000000008d000000, 0x000000008e000000|  0%| F|  |TAMS 0x000000008d000000| PB 0x000000008d000000| Untracked |  0
|  12|0x000000008e000000, 0x000000008e000000, 0x000000008f000000|  0%| F|  |TAMS 0x000000008e000000| PB 0x000000008e000000| Untracked |  0
|  13|0x000000008f000000, 0x000000008f000000, 0x0000000090000000|  0%| F|  |TAMS 0x000000008f000000| PB 0x000000008f000000| Untracked |  0
|  14|0x0000000090000000, 0x0000000090000000, 0x0000000091000000|  0%| F|  |TAMS 0x0000000090000000| PB 0x0000000090000000| Untracked |  0
|  15|0x0000000091000000, 0x0000000091000000, 0x0000000092000000|  0%| F|  |TAMS 0x0000000091000000| PB 0x0000000091000000| Untracked |  0
|  16|0x0000000092000000, 0x0000000092000000, 0x0000000093000000|  0%| F|  |TAMS 0x0000000092000000| PB 0x0000000092000000| Untracked |  0
|  17|0x0000000093000000, 0x0000000093000000, 0x0000000094000000|  0%| F|  |TAMS 0x0000000093000000| PB 0x0000000093000000| Untracked |  0
|  18|0x0000000094000000, 0x0000000094000000, 0x0000000095000000|  0%| F|  |TAMS 0x0000000094000000| PB 0x0000000094000000| Untracked |  0
|  19|0x0000000095000000, 0x0000000095000000, 0x0000000096000000|  0%| F|  |TAMS 0x0000000095000000| PB 0x0000000095000000| Untracked |  0
|  20|0x0000000096000000, 0x0000000096000000, 0x0000000097000000|  0%| F|  |TAMS 0x0000000096000000| PB 0x0000000096000000| Untracked |  0
|  21|0x0000000097000000, 0x0000000097000000, 0x0000000098000000|  0%| F|  |TAMS 0x0000000097000000| PB 0x0000000097000000| Untracked |  0
|  22|0x0000000098000000, 0x0000000098000000, 0x0000000099000000|  0%| F|  |TAMS 0x0000000098000000| PB 0x0000000098000000| Untracked |  0
|  23|0x0000000099000000, 0x0000000099000000, 0x000000009a000000|  0%| F|  |TAMS 0x0000000099000000| PB 0x0000000099000000| Untracked |  0
|  24|0x000000009a000000, 0x000000009a000000, 0x000000009b000000|  0%| F|  |TAMS 0x000000009a000000| PB 0x000000009a000000| Untracked |  0
|  25|0x000000009b000000, 0x000000009b000000, 0x000000009c000000|  0%| F|  |TAMS 0x000000009b000000| PB 0x000000009b000000| Untracked |  0
|  26|0x000000009c000000, 0x000000009c000000, 0x000000009d000000|  0%| F|  |TAMS 0x000000009c000000| PB 0x000000009c000000| Untracked |  0
|  27|0x000000009d000000, 0x000000009d000000, 0x000000009e000000|  0%| F|  |TAMS 0x000000009d000000| PB 0x000000009d000000| Untracked |  0
|  28|0x000000009e000000, 0x000000009e000000, 0x000000009f000000|  0%| F|  |TAMS 0x000000009e000000| PB 0x000000009e000000| Untracked |  0
|  29|0x000000009f000000, 0x000000009f000000, 0x00000000a0000000|  0%| F|  |TAMS 0x000000009f000000| PB 0x000000009f000000| Untracked |  0
|  30|0x00000000a0000000, 0x00000000a0000000, 0x00000000a1000000|  0%| F|  |TAMS 0x00000000a0000000| PB 0x00000000a0000000| Untracked |  0
|  31|0x00000000a1000000, 0x00000000a1000000, 0x00000000a2000000|  0%| F|  |TAMS 0x00000000a1000000| PB 0x00000000a1000000| Untracked |  0
|  32|0x00000000a2000000, 0x00000000a2000000, 0x00000000a3000000|  0%| F|  |TAMS 0x00000000a2000000| PB 0x00000000a2000000| Untracked |  0
|  33|0x00000000a3000000, 0x00000000a3000000, 0x00000000a4000000|  0%| F|  |TAMS 0x00000000a3000000| PB 0x00000000a3000000| Untracked |  0
|  34|0x00000000a4000000, 0x00000000a4000000, 0x00000000a5000000|  0%| F|  |TAMS 0x00000000a4000000| PB 0x00000000a4000000| Untracked |  0
|  35|0x00000000a5000000, 0x00000000a5000000, 0x00000000a6000000|  0%| F|  |TAMS 0x00000000a5000000| PB 0x00000000a5000000| Untracked |  0
|  36|0x00000000a6000000, 0x00000000a6000000, 0x00000000a7000000|  0%| F|  |TAMS 0x00000000a6000000| PB 0x00000000a6000000| Untracked |  0
|  37|0x00000000a7000000, 0x00000000a7000000, 0x00000000a8000000|  0%| F|  |TAMS 0x00000000a7000000| PB 0x00000000a7000000| Untracked |  0
|  38|0x00000000a8000000, 0x00000000a8000000, 0x00000000a9000000|  0%| F|  |TAMS 0x00000000a8000000| PB 0x00000000a8000000| Untracked |  0
|  39|0x00000000a9000000, 0x00000000a9000000, 0x00000000aa000000|  0%| F|  |TAMS 0x00000000a9000000| PB 0x00000000a9000000| Untracked |  0
|  40|0x00000000aa000000, 0x00000000aa000000, 0x00000000ab000000|  0%| F|  |TAMS 0x00000000aa000000| PB 0x00000000aa000000| Untracked |  0
|  41|0x00000000ab000000, 0x00000000ab000000, 0x00000000ac000000|  0%| F|  |TAMS 0x00000000ab000000| PB 0x00000000ab000000| Untracked |  0
|  42|0x00000000ac000000, 0x00000000ac000000, 0x00000000ad000000|  0%| F|  |TAMS 0x00000000ac000000| PB 0x00000000ac000000| Untracked |  0
|  43|0x00000000ad000000, 0x00000000ad000000, 0x00000000ae000000|  0%| F|  |TAMS 0x00000000ad000000| PB 0x00000000ad000000| Untracked |  0
|  44|0x00000000ae000000, 0x00000000ae000000, 0x00000000af000000|  0%| F|  |TAMS 0x00000000ae000000| PB 0x00000000ae000000| Untracked |  0
|  45|0x00000000af000000, 0x00000000af000000, 0x00000000b0000000|  0%| F|  |TAMS 0x00000000af000000| PB 0x00000000af000000| Untracked |  0
|  46|0x00000000b0000000, 0x00000000b0000000, 0x00000000b1000000|  0%| F|  |TAMS 0x00000000b0000000| PB 0x00000000b0000000| Untracked |  0
|  47|0x00000000b1000000, 0x00000000b1000000, 0x00000000b2000000|  0%| F|  |TAMS 0x00000000b1000000| PB 0x00000000b1000000| Untracked |  0
|  48|0x00000000b2000000, 0x00000000b2000000, 0x00000000b3000000|  0%| F|  |TAMS 0x00000000b2000000| PB 0x00000000b2000000| Untracked |  0
|  49|0x00000000b3000000, 0x00000000b3000000, 0x00000000b4000000|  0%| F|  |TAMS 0x00000000b3000000| PB 0x00000000b3000000| Untracked |  0
|  50|0x00000000b4000000, 0x00000000b4000000, 0x00000000b5000000|  0%| F|  |TAMS 0x00000000b4000000| PB 0x00000000b4000000| Untracked |  0
|  51|0x00000000b5000000, 0x00000000b5000000, 0x00000000b6000000|  0%| F|  |TAMS 0x00000000b5000000| PB 0x00000000b5000000| Untracked |  0
|  52|0x00000000b6000000, 0x00000000b6000000, 0x00000000b7000000|  0%| F|  |TAMS 0x00000000b6000000| PB 0x00000000b6000000| Untracked |  0
|  53|0x00000000b7000000, 0x00000000b7000000, 0x00000000b8000000|  0%| F|  |TAMS 0x00000000b7000000| PB 0x00000000b7000000| Untracked |  0
|  54|0x00000000b8000000, 0x00000000b8000000, 0x00000000b9000000|  0%| F|  |TAMS 0x00000000b8000000| PB 0x00000000b8000000| Untracked |  0
|  55|0x00000000b9000000, 0x00000000b9000000, 0x00000000ba000000|  0%| F|  |TAMS 0x00000000b9000000| PB 0x00000000b9000000| Untracked |  0
|  56|0x00000000ba000000, 0x00000000ba000000, 0x00000000bb000000|  0%| F|  |TAMS 0x00000000ba000000| PB 0x00000000ba000000| Untracked |  0
|  57|0x00000000bb000000, 0x00000000bb000000, 0x00000000bc000000|  0%| F|  |TAMS 0x00000000bb000000| PB 0x00000000bb000000| Untracked |  0
|  58|0x00000000bc000000, 0x00000000bc000000, 0x00000000bd000000|  0%| F|  |TAMS 0x00000000bc000000| PB 0x00000000bc000000| Untracked |  0
|  59|0x00000000bd000000, 0x00000000bd000000, 0x00000000be000000|  0%| F|  |TAMS 0x00000000bd000000| PB 0x00000000bd000000| Untracked |  0
|  60|0x00000000be000000, 0x00000000be000000, 0x00000000bf000000|  0%| F|  |TAMS 0x00000000be000000| PB 0x00000000be000000| Untracked |  0
|  61|0x00000000bf000000, 0x00000000bf000000, 0x00000000c0000000|  0%| F|  |TAMS 0x00000000bf000000| PB 0x00000000bf000000| Untracked |  0
|  62|0x00000000c0000000, 0x00000000c0000000, 0x00000000c1000000|  0%| F|  |TAMS 0x00000000c0000000| PB 0x00000000c0000000| Untracked |  0
|  63|0x00000000c1000000, 0x00000000c1000000, 0x00000000c2000000|  0%| F|  |TAMS 0x00000000c1000000| PB 0x00000000c1000000| Untracked |  0
|  64|0x00000000c2000000, 0x00000000c2000000, 0x00000000c3000000|  0%| F|  |TAMS 0x00000000c2000000| PB 0x00000000c2000000| Untracked |  0
|  65|0x00000000c3000000, 0x00000000c3000000, 0x00000000c4000000|  0%| F|  |TAMS 0x00000000c3000000| PB 0x00000000c3000000| Untracked |  0
|  66|0x00000000c4000000, 0x00000000c4000000, 0x00000000c5000000|  0%| F|  |TAMS 0x00000000c4000000| PB 0x00000000c4000000| Untracked |  0
|  67|0x00000000c5000000, 0x00000000c5000000, 0x00000000c6000000|  0%| F|  |TAMS 0x00000000c5000000| PB 0x00000000c5000000| Untracked |  0
|  68|0x00000000c6000000, 0x00000000c6000000, 0x00000000c7000000|  0%| F|  |TAMS 0x00000000c6000000| PB 0x00000000c6000000| Untracked |  0
|  69|0x00000000c7000000, 0x00000000c7000000, 0x00000000c8000000|  0%| F|  |TAMS 0x00000000c7000000| PB 0x00000000c7000000| Untracked |  0
|  70|0x00000000c8000000, 0x00000000c8000000, 0x00000000c9000000|  0%| F|  |TAMS 0x00000000c8000000| PB 0x00000000c8000000| Untracked |  0
|  71|0x00000000c9000000, 0x00000000c9000000, 0x00000000ca000000|  0%| F|  |TAMS 0x00000000c9000000| PB 0x00000000c9000000| Untracked |  0
|  72|0x00000000ca000000, 0x00000000ca000000, 0x00000000cb000000|  0%| F|  |TAMS 0x00000000ca000000| PB 0x00000000ca000000| Untracked |  0
|  73|0x00000000cb000000, 0x00000000cb000000, 0x00000000cc000000|  0%| F|  |TAMS 0x00000000cb000000| PB 0x00000000cb000000| Untracked |  0
|  74|0x00000000cc000000, 0x00000000cc000000, 0x00000000cd000000|  0%| F|  |TAMS 0x00000000cc000000| PB 0x00000000cc000000| Untracked |  0
|  75|0x00000000cd000000, 0x00000000cd000000, 0x00000000ce000000|  0%| F|  |TAMS 0x00000000cd000000| PB 0x00000000cd000000| Untracked |  0
|  76|0x00000000ce000000, 0x00000000ce000000, 0x00000000cf000000|  0%| F|  |TAMS 0x00000000ce000000| PB 0x00000000ce000000| Untracked |  0
|  77|0x00000000cf000000, 0x00000000cf000000, 0x00000000d0000000|  0%| F|  |TAMS 0x00000000cf000000| PB 0x00000000cf000000| Untracked |  0
|  78|0x00000000d0000000, 0x00000000d0000000, 0x00000000d1000000|  0%| F|  |TAMS 0x00000000d0000000| PB 0x00000000d0000000| Untracked |  0
|  79|0x00000000d1000000, 0x00000000d1000000, 0x00000000d2000000|  0%| F|  |TAMS 0x00000000d1000000| PB 0x00000000d1000000| Untracked |  0
|  80|0x00000000d2000000, 0x00000000d2000000, 0x00000000d3000000|  0%| F|  |TAMS 0x00000000d2000000| PB 0x00000000d2000000| Untracked |  0
|  81|0x00000000d3000000, 0x00000000d3000000, 0x00000000d4000000|  0%| F|  |TAMS 0x00000000d3000000| PB 0x00000000d3000000| Untracked |  0
|  82|0x00000000d4000000, 0x00000000d4000000, 0x00000000d5000000|  0%| F|  |TAMS 0x00000000d4000000| PB 0x00000000d4000000| Untracked |  0
|  83|0x00000000d5000000, 0x00000000d5000000, 0x00000000d6000000|  0%| F|  |TAMS 0x00000000d5000000| PB 0x00000000d5000000| Untracked |  0
|  84|0x00000000d6000000, 0x00000000d6000000, 0x00000000d7000000|  0%| F|  |TAMS 0x00000000d6000000| PB 0x00000000d6000000| Untracked |  0
|  85|0x00000000d7000000, 0x00000000d7000000, 0x00000000d8000000|  0%| F|  |TAMS 0x00000000d7000000| PB 0x00000000d7000000| Untracked |  0
|  86|0x00000000d8000000, 0x00000000d8000000, 0x00000000d9000000|  0%| F|  |TAMS 0x00000000d8000000| PB 0x00000000d8000000| Untracked |  0
|  87|0x00000000d9000000, 0x00000000d9000000, 0x00000000da000000|  0%| F|  |TAMS 0x00000000d9000000| PB 0x00000000d9000000| Untracked |  0
|  88|0x00000000da000000, 0x00000000da000000, 0x00000000db000000|  0%| F|  |TAMS 0x00000000da000000| PB 0x00000000da000000| Untracked |  0
|  89|0x00000000db000000, 0x00000000db000000, 0x00000000dc000000|  0%| F|  |TAMS 0x00000000db000000| PB 0x00000000db000000| Untracked |  0
|  90|0x00000000dc000000, 0x00000000dc000000, 0x00000000dd000000|  0%| F|  |TAMS 0x00000000dc000000| PB 0x00000000dc000000| Untracked |  0
|  91|0x00000000dd000000, 0x00000000dd000000, 0x00000000de000000|  0%| F|  |TAMS 0x00000000dd000000| PB 0x00000000dd000000| Untracked |  0
|  92|0x00000000de000000, 0x00000000de000000, 0x00000000df000000|  0%| F|  |TAMS 0x00000000de000000| PB 0x00000000de000000| Untracked |  0
|  93|0x00000000df000000, 0x00000000df000000, 0x00000000e0000000|  0%| F|  |TAMS 0x00000000df000000| PB 0x00000000df000000| Untracked |  0
|  94|0x00000000e0000000, 0x00000000e0000000, 0x00000000e1000000|  0%| F|  |TAMS 0x00000000e0000000| PB 0x00000000e0000000| Untracked |  0
|  95|0x00000000e1000000, 0x00000000e1000000, 0x00000000e2000000|  0%| F|  |TAMS 0x00000000e1000000| PB 0x00000000e1000000| Untracked |  0
|  96|0x00000000e2000000, 0x00000000e2000000, 0x00000000e3000000|  0%| F|  |TAMS 0x00000000e2000000| PB 0x00000000e2000000| Untracked |  0
|  97|0x00000000e3000000, 0x00000000e3000000, 0x00000000e4000000|  0%| F|  |TAMS 0x00000000e3000000| PB 0x00000000e3000000| Untracked |  0
|  98|0x00000000e4000000, 0x00000000e4000000, 0x00000000e5000000|  0%| F|  |TAMS 0x00000000e4000000| PB 0x00000000e4000000| Untracked |  0
|  99|0x00000000e5000000, 0x00000000e5000000, 0x00000000e6000000|  0%| F|  |TAMS 0x00000000e5000000| PB 0x00000000e5000000| Untracked |  0
| 100|0x00000000e6000000, 0x00000000e6000000, 0x00000000e7000000|  0%| F|  |TAMS 0x00000000e6000000| PB 0x00000000e6000000| Untracked |  0
| 101|0x00000000e7000000, 0x00000000e7000000, 0x00000000e8000000|  0%| F|  |TAMS 0x00000000e7000000| PB 0x00000000e7000000| Untracked |  0
| 102|0x00000000e8000000, 0x00000000e8000000, 0x00000000e9000000|  0%| F|  |TAMS 0x00000000e8000000| PB 0x00000000e8000000| Untracked |  0
| 103|0x00000000e9000000, 0x00000000e9000000, 0x00000000ea000000|  0%| F|  |TAMS 0x00000000e9000000| PB 0x00000000e9000000| Untracked |  0
| 104|0x00000000ea000000, 0x00000000ea000000, 0x00000000eb000000|  0%| F|  |TAMS 0x00000000ea000000| PB 0x00000000ea000000| Untracked |  0
| 105|0x00000000eb000000, 0x00000000eb000000, 0x00000000ec000000|  0%| F|  |TAMS 0x00000000eb000000| PB 0x00000000eb000000| Untracked |  0
| 106|0x00000000ec000000, 0x00000000ec000000, 0x00000000ed000000|  0%| F|  |TAMS 0x00000000ec000000| PB 0x00000000ec000000| Untracked |  0
| 107|0x00000000ed000000, 0x00000000ed000000, 0x00000000ee000000|  0%| F|  |TAMS 0x00000000ed000000| PB 0x00000000ed000000| Untracked |  0
| 108|0x00000000ee000000, 0x00000000ee000000, 0x00000000ef000000|  0%| F|  |TAMS 0x00000000ee000000| PB 0x00000000ee000000| Untracked |  0
| 109|0x00000000ef000000, 0x00000000ef000000, 0x00000000f0000000|  0%| F|  |TAMS 0x00000000ef000000| PB 0x00000000ef000000| Untracked |  0
| 110|0x00000000f0000000, 0x00000000f0000000, 0x00000000f1000000|  0%| F|  |TAMS 0x00000000f0000000| PB 0x00000000f0000000| Untracked |  0
| 111|0x00000000f1000000, 0x00000000f1000000, 0x00000000f2000000|  0%| F|  |TAMS 0x00000000f1000000| PB 0x00000000f1000000| Untracked |  0
| 112|0x00000000f2000000, 0x00000000f2000000, 0x00000000f3000000|  0%| F|  |TAMS 0x00000000f2000000| PB 0x00000000f2000000| Untracked |  0
| 113|0x00000000f3000000, 0x00000000f3000000, 0x00000000f4000000|  0%| F|  |TAMS 0x00000000f3000000| PB 0x00000000f3000000| Untracked |  0
| 114|0x00000000f4000000, 0x00000000f4000000, 0x00000000f5000000|  0%| F|  |TAMS 0x00000000f4000000| PB 0x00000000f4000000| Untracked |  0
| 115|0x00000000f5000000, 0x00000000f5000000, 0x00000000f6000000|  0%| F|  |TAMS 0x00000000f5000000| PB 0x00000000f5000000| Untracked |  0
| 116|0x00000000f6000000, 0x00000000f6000000, 0x00000000f7000000|  0%| F|  |TAMS 0x00000000f6000000| PB 0x00000000f6000000| Untracked |  0
| 117|0x00000000f7000000, 0x00000000f7000000, 0x00000000f8000000|  0%| F|  |TAMS 0x00000000f7000000| PB 0x00000000f7000000| Untracked |  0
| 118|0x00000000f8000000, 0x00000000f82f69d0, 0x00000000f9000000| 18%| E|  |TAMS 0x00000000f8000000| PB 0x00000000f8000000| Complete |  0
| 119|0x00000000f9000000, 0x00000000fa000000, 0x00000000fa000000|100%| E|CS|TAMS 0x00000000f9000000| PB 0x00000000f9000000| Complete |  0
| 120|0x00000000fa000000, 0x00000000fb000000, 0x00000000fb000000|100%| E|CS|TAMS 0x00000000fa000000| PB 0x00000000fa000000| Complete |  0
| 121|0x00000000fb000000, 0x00000000fb9d92c8, 0x00000000fc000000| 61%| S|CS|TAMS 0x00000000fb000000| PB 0x00000000fb000000| Complete |  0
| 122|0x00000000fc000000, 0x00000000fd000000, 0x00000000fd000000|100%| E|CS|TAMS 0x00000000fc000000| PB 0x00000000fc000000| Complete |  0
| 123|0x00000000fd000000, 0x00000000fe000000, 0x00000000fe000000|100%| E|CS|TAMS 0x00000000fd000000| PB 0x00000000fd000000| Complete |  0
| 124|0x00000000fe000000, 0x00000000ff000000, 0x00000000ff000000|100%| E|CS|TAMS 0x00000000fe000000| PB 0x00000000fe000000| Complete |  0
| 125|0x00000000ff000000, 0x0000000100000000, 0x0000000100000000|100%| E|CS|TAMS 0x00000000ff000000| PB 0x00000000ff000000| Complete |  0
| 126|0x0000000100000000, 0x0000000101000000, 0x0000000101000000|100%| E|CS|TAMS 0x0000000100000000| PB 0x0000000100000000| Complete |  0
| 127|0x0000000101000000, 0x0000000102000000, 0x0000000102000000|100%| E|CS|TAMS 0x0000000101000000| PB 0x0000000101000000| Complete |  0
|1917|0x00000007ff000000, 0x00000007ff124e30, 0x0000000800000000|  7%| O|  |TAMS 0x00000007ff000000| PB 0x00000007ff000000| Untracked |  0

Card table byte_map: [0x00000215f22d0000,0x00000215f5ec0000] _byte_map_base: 0x00000215f1ec0000

Marking Bits: (CMBitMap*) 0x00000215d5849b00
 Bits: [0x0000021580000000, 0x000002159df80000)

Polling page: 0x00000215d35a0000

Metaspace:
Metaspace        used 17555K, committed 17920K, reserved 1114112K
 class space     used 2540K, committed 2688K, reserved 1048576K

Usage:
  Non-class:     14.66 MB used.
      Class:      2.48 MB used.
       Both:     17.14 MB used.

Virtual space:
  Non-class space:       64.00 MB reserved,      14.88 MB ( 23%) committed,  1 nodes.
      Class space:        1.00 GB reserved,       2.62 MB ( <1%) committed,  1 nodes.
             Both:        1.06 GB reserved,      17.50 MB (  2%) committed. 

Chunk freelists:
   Non-Class:  752.00 KB
       Class:  13.41 MB
        Both:  14.14 MB

MaxMetaspaceSize: unlimited
CompressedClassSpaceSize: 1.00 GB
Initial GC threshold: 21.00 MB
Current GC threshold: 21.00 MB
CDS: on
 - commit_granule_bytes: 65536.
 - commit_granule_words: 8192.
 - virtual_space_node_default_size: 8388608.
 - enlarge_chunks_in_place: 1.
UseCompressedClassPointers 1, UseCompactObjectHeaders 0
Narrow klass pointer bits 32, Max shift 3
Narrow klass base: 0x000000001b000000, Narrow klass shift: 0
Encoding Range: [0x000000001b000000 - 0x000000011b000000), (4294967296 bytes)
Klass Range:    [0x000000001b010000 - 0x000000005c000000), (1090453504 bytes)
Klass ID Range:  [65536 - 1090519033) (1090453497)
Protection zone: [0x000000001b000000 - 0x000000001b010000), (65536 bytes)


Internal statistics:

num_allocs_failed_limit: 0.
num_arena_births: 386.
num_arena_deaths: 0.
num_vsnodes_births: 2.
num_vsnodes_deaths: 0.
num_space_committed: 279.
num_space_uncommitted: 0.
num_chunks_returned_to_freelist: 0.
num_chunks_taken_from_freelist: 1253.
num_chunk_merges: 0.
num_chunk_splits: 673.
num_chunks_enlarged: 437.
num_inconsistent_stats: 0.

CodeHeap 'non-profiled nmethods': size=118912Kb used=1547Kb max_used=1547Kb free=117365Kb
 bounds [0x00000215e5c70000, 0x00000215e5ee0000, 0x00000215ed090000]
CodeHeap 'profiled nmethods': size=118848Kb used=4355Kb max_used=4355Kb free=114492Kb
 bounds [0x00000215de090000, 0x00000215de4e0000, 0x00000215e54a0000]
CodeHeap 'non-nmethods': size=8000Kb used=3854Kb max_used=4004Kb free=4145Kb
 bounds [0x00000215e54a0000, 0x00000215e58a0000, 0x00000215e5c70000]
CodeCache: size=245760Kb, used=9756Kb, max_used=9906Kb, free=236002Kb
 total_blobs=3714, nmethods=3005, adapters=607, full_count=0
Compilation: enabled, stopped_count=0, restarted_count=0

Compilation events (20 events):
Event: 0.813 Thread 0x00000215f9a4e7d0 2998       3       java.util.ImmutableCollections$SetN::<init> (90 bytes)
Event: 0.813 Thread 0x00000215f9a4f7f0 2999       3       java.lang.Character::isSurrogate (18 bytes)
Event: 0.813 Thread 0x00000215f9a4cfa0 3000       3       java.util.regex.Pattern::isSupplementary (21 bytes)
Event: 0.813 Thread 0x00000215f9a4f7f0 nmethod 2999 0x00000215de4ce188 code [0x00000215de4ce280, 0x00000215de4ce3e8]
Event: 0.813 Thread 0x00000215f9a4cfa0 nmethod 3000 0x00000215de4ce488 code [0x00000215de4ce580, 0x00000215de4ce7c0]
Event: 0.813 Thread 0x00000215f9a4e7d0 nmethod 2998 0x00000215de4ce808 code [0x00000215de4ce900, 0x00000215de4cf8c0]
Event: 0.814 Thread 0x00000215fec13de0 nmethod 2990 0x00000215e5deed08 code [0x00000215e5deee00, 0x00000215e5def528]
Event: 0.814 Thread 0x00000215fec13de0 3001       4       java.lang.StringUTF16::getChar (60 bytes)
Event: 0.814 Thread 0x00000215fec13de0 nmethod 3001 0x00000215e5def588 code [0x00000215e5def680, 0x00000215e5def768]
Event: 0.814 Thread 0x00000215f9a51830 3002       3       java.util.regex.Pattern::peek (26 bytes)
Event: 0.815 Thread 0x00000215f9a51830 nmethod 3002 0x00000215de4cf908 code [0x00000215de4cfa00, 0x00000215de4cfc50]
Event: 0.816 Thread 0x00000215f9a4f7f0 3003       1       ch.qos.logback.classic.Logger::getName (5 bytes)
Event: 0.816 Thread 0x00000215f9a4f7f0 nmethod 3003 0x00000215e5def888 code [0x00000215e5def980, 0x00000215e5defa48]
Event: 0.816 Thread 0x00000215f99bb3a0 3004       3       java.lang.invoke.InnerClassLambdaMetafactory::argName (38 bytes)
Event: 0.817 Thread 0x00000215f99bb3a0 nmethod 3004 0x00000215de4cfc88 code [0x00000215de4cfd80, 0x00000215de4d04e0]
Event: 0.817 Thread 0x00000215ee6d7bf0 nmethod 2992 0x00000215e5defb88 code [0x00000215e5defc80, 0x00000215e5df07c0]
Event: 0.818 Thread 0x00000215f9a53870 nmethod 2994 0x00000215e5df0808 code [0x00000215e5df0900, 0x00000215e5df1800]
Event: 0.818 Thread 0x00000215f9a4e7d0 3005       3       java.lang.invoke.LambdaFormEditor::addArgumentForm (121 bytes)
Event: 0.819 Thread 0x00000215f9a4e7d0 nmethod 3005 0x00000215de4d0508 code [0x00000215de4d0600, 0x00000215de4d0dd0]
Event: 0.819 Thread 0x00000215f9a50000 nmethod 2993 0x00000215e5df1888 code [0x00000215e5df1980, 0x00000215e5df28a0]

GC Heap Usage History (2 events):
Event: 0.526 {heap Before GC invocations=0 (full 0):
 garbage-first heap   total reserved 31424512K, committed 2113536K, used 99475K [0x0000000082000000, 0x0000000800000000)
  region size 16384K, 6 young (98304K), 0 survivors (0K)
}
Event: 0.530 {heap After GC invocations=1 (full 0):
 garbage-first heap   total reserved 31424512K, committed 2113536K, used 11256K [0x0000000082000000, 0x0000000800000000)
  region size 16384K, 1 young (16384K), 1 survivors (16384K)
}

Metaspace Usage History (2 events):
Event: 0.526 {metaspace Before GC invocations=0 (full 0):
 Metaspace       used 11571K, committed 11840K, reserved 1114112K
  class space    used 1614K, committed 1728K, reserved 1048576K
}
Event: 0.530 {metaspace After GC invocations=1 (full 0):
 Metaspace       used 11571K, committed 11840K, reserved 1114112K
  class space    used 1614K, committed 1728K, reserved 1048576K
}

Dll operation events (10 events):
Event: 0.005 Loaded shared library C:\Users\Ben\.jdks\openjdk-25\bin\java.dll
Event: 0.043 Loaded shared library C:\Users\Ben\.jdks\openjdk-25\bin\zip.dll
Event: 0.044 Loaded shared library C:\Users\Ben\.jdks\openjdk-25\bin\instrument.dll
Event: 0.047 Loaded shared library C:\Users\Ben\.jdks\openjdk-25\bin\net.dll
Event: 0.048 Loaded shared library C:\Users\Ben\.jdks\openjdk-25\bin\nio.dll
Event: 0.051 Loaded shared library C:\Users\Ben\.jdks\openjdk-25\bin\zip.dll
Event: 0.073 Loaded shared library C:\Users\Ben\.jdks\openjdk-25\bin\extnet.dll
Event: 0.085 Loaded shared library C:\Users\Ben\.jdks\openjdk-25\bin\jimage.dll
Event: 0.642 Loaded shared library C:\Users\Ben\.jdks\openjdk-25\bin\management.dll
Event: 0.643 Loaded shared library C:\Users\Ben\.jdks\openjdk-25\bin\management_ext.dll

Deoptimization events (20 events):
Event: 0.811 Thread 0x00000215d331c320 Uncommon trap: trap_request=0xffffffde fr.pc=0x00000215e5dc1b64 relative=0x00000000000003e4
Event: 0.811 Thread 0x00000215d331c320 Uncommon trap: reason=class_check action=maybe_recompile pc=0x00000215e5dc1b64 method=java.util.regex.Pattern$Start.match(Ljava/util/regex/Matcher;ILjava/lang/CharSequence;)Z @ 44 c2
Event: 0.811 Thread 0x00000215d331c320 DEOPT PACKING pc=0x00000215e5dc1b64 sp=0x000000b82e6fe7c0
Event: 0.811 Thread 0x00000215d331c320 DEOPT UNPACKING pc=0x00000215e55bf882 sp=0x000000b82e6fe688 mode 2
Event: 0.811 Thread 0x00000215d331c320 Uncommon trap: trap_request=0xffffffde fr.pc=0x00000215e5dc10f0 relative=0x00000000000003f0
Event: 0.811 Thread 0x00000215d331c320 Uncommon trap: reason=class_check action=maybe_recompile pc=0x00000215e5dc10f0 method=java.util.regex.Pattern$Start.match(Ljava/util/regex/Matcher;ILjava/lang/CharSequence;)Z @ 44 c2
Event: 0.811 Thread 0x00000215d331c320 DEOPT PACKING pc=0x00000215e5dc10f0 sp=0x000000b82e6fe740
Event: 0.811 Thread 0x00000215d331c320 DEOPT UNPACKING pc=0x00000215e55bf882 sp=0x000000b82e6fe680 mode 2
Event: 0.811 Thread 0x00000215d331c320 Uncommon trap: trap_request=0xffffffde fr.pc=0x00000215e5db75cc relative=0x00000000000002cc
Event: 0.811 Thread 0x00000215d331c320 Uncommon trap: reason=class_check action=maybe_recompile pc=0x00000215e5db75cc method=java.util.regex.Pattern$Start.match(Ljava/util/regex/Matcher;ILjava/lang/CharSequence;)Z @ 44 c2
Event: 0.811 Thread 0x00000215d331c320 DEOPT PACKING pc=0x00000215e5db75cc sp=0x000000b82e6fe6c0
Event: 0.811 Thread 0x00000215d331c320 DEOPT UNPACKING pc=0x00000215e55bf882 sp=0x000000b82e6fe680 mode 2
Event: 0.814 Thread 0x00000215d331c320 Uncommon trap: trap_request=0xffffff45 fr.pc=0x00000215e5cd42d0 relative=0x0000000000000050
Event: 0.814 Thread 0x00000215d331c320 Uncommon trap: reason=unstable_if action=reinterpret pc=0x00000215e5cd42d0 method=java.lang.CharacterData.of(I)Ljava/lang/CharacterData; @ 4 c2
Event: 0.814 Thread 0x00000215d331c320 DEOPT PACKING pc=0x00000215e5cd42d0 sp=0x000000b82e6fea70
Event: 0.814 Thread 0x00000215d331c320 DEOPT UNPACKING pc=0x00000215e55bf882 sp=0x000000b82e6fea10 mode 2
Event: 0.819 Thread 0x00000215d331c320 Uncommon trap: trap_request=0xffffffc6 fr.pc=0x00000215e5d57694 relative=0x0000000000000314
Event: 0.819 Thread 0x00000215d331c320 Uncommon trap: reason=bimorphic_or_optimized_type_check action=maybe_recompile pc=0x00000215e5d57694 method=java.util.ImmutableCollections.listCopy(Ljava/util/Collection;)Ljava/util/List; @ 32 c2
Event: 0.819 Thread 0x00000215d331c320 DEOPT PACKING pc=0x00000215e5d57694 sp=0x000000b82e6ff260
Event: 0.819 Thread 0x00000215d331c320 DEOPT UNPACKING pc=0x00000215e55bf882 sp=0x000000b82e6ff1f0 mode 2

Classes loaded (20 events):
Event: 0.804 Loading class java/util/stream/SortedOps$OfRef
Event: 0.805 Loading class java/util/stream/SortedOps$OfRef done
Event: 0.805 Loading class java/util/stream/SortedOps$RefSortingSink
Event: 0.805 Loading class java/util/stream/SortedOps$AbstractRefSortingSink
Event: 0.805 Loading class java/util/stream/SortedOps$AbstractRefSortingSink done
Event: 0.805 Loading class java/util/stream/SortedOps$RefSortingSink done
Event: 0.810 Loading class jdk/internal/math/FormattedFPDecimal
Event: 0.810 Loading class jdk/internal/math/FormattedFPDecimal done
Event: 0.813 Loading class sun/text/resources/cldr/FormatData_en
Event: 0.813 Loading class sun/text/resources/cldr/FormatData_en done
Event: 0.813 Loading class sun/text/resources/cldr/FormatData_en_US
Event: 0.813 Loading class sun/text/resources/cldr/FormatData_en_US done
Event: 0.820 Loading class java/util/stream/ReduceOps$5
Event: 0.820 Loading class java/util/stream/ReduceOps$5 done
Event: 0.820 Loading class java/util/stream/ReduceOps$CountingSink$OfRef
Event: 0.821 Loading class java/util/stream/ReduceOps$CountingSink
Event: 0.821 Loading class java/util/stream/ReduceOps$CountingSink done
Event: 0.821 Loading class java/util/stream/ReduceOps$CountingSink$OfRef done
Event: 0.823 Loading class java/util/function/IntBinaryOperator
Event: 0.823 Loading class java/util/function/IntBinaryOperator done

Classes unloaded (0 events):
No events

Classes redefined (0 events):
No events

Internal exceptions (20 events):
Event: 0.519 Thread 0x00000215d331c320 Exception <a 'java/lang/NoSuchMethodError'{0x00000000fcd7e5f0}: 'java.lang.Object java.lang.invoke.DirectMethodHandle$Holder.newInvokeSpecial(java.lang.Object, int, java.lang.Object, java.lang.Object)'> (0x00000000fcd7e5f0) 
thrown [s\open\src\hotspot\share\interpreter\linkResolver.cpp, line 804]
Event: 0.559 Thread 0x00000215d331c320 Exception <a 'java/lang/NoSuchMethodError'{0x00000001017bc260}: 'java.lang.Object java.lang.invoke.DirectMethodHandle$Holder.newInvokeSpecial(java.lang.Object, long, java.lang.Object)'> (0x00000001017bc260) 
thrown [s\open\src\hotspot\share\interpreter\linkResolver.cpp, line 804]
Event: 0.565 Thread 0x00000215d331c320 Exception <a 'java/lang/NoSuchMethodError'{0x00000001019c2b50}: 'java.lang.Object java.lang.invoke.DirectMethodHandle$Holder.newInvokeSpecial(java.lang.Object, java.lang.Object, float)'> (0x00000001019c2b50) 
thrown [s\open\src\hotspot\share\interpreter\linkResolver.cpp, line 804]
Event: 0.566 Thread 0x00000215d331c320 Exception <a 'java/lang/IncompatibleClassChangeError'{0x00000001019e1ab0}: Found class java.lang.Object, but interface was expected> (0x00000001019e1ab0) 
thrown [s\open\src\hotspot\share\interpreter\linkResolver.cpp, line 871]
Event: 0.566 Thread 0x00000215d331c320 Exception <a 'java/lang/IncompatibleClassChangeError'{0x00000001019f0b78}: Found class java.lang.Object, but interface was expected> (0x00000001019f0b78) 
thrown [s\open\src\hotspot\share\interpreter\linkResolver.cpp, line 871]
Event: 0.569 Thread 0x00000215d331c320 Exception <a 'java/lang/NoSuchMethodError'{0x0000000101b18130}: 'java.lang.Object java.lang.invoke.DirectMethodHandle$Holder.newInvokeSpecial(java.lang.Object, java.lang.Object, int, java.lang.Object, java.lang.Object)'> (0x0000000101b18130) 
thrown [s\open\src\hotspot\share\interpreter\linkResolver.cpp, line 804]
Event: 0.581 Thread 0x00000215d331c320 Exception <a 'java/lang/NoSuchMethodError'{0x0000000101e653b0}: 'java.lang.Object java.lang.invoke.DirectMethodHandle$Holder.newInvokeSpecial(java.lang.Object, java.lang.Object, int, java.lang.Object)'> (0x0000000101e653b0) 
thrown [s\open\src\hotspot\share\interpreter\linkResolver.cpp, line 804]
Event: 0.590 Thread 0x00000215d331c320 Exception <a 'java/lang/NoSuchMethodError'{0x00000001000d60e0}: 'java.lang.Object java.lang.invoke.DirectMethodHandle$Holder.newInvokeSpecial(java.lang.Object, java.lang.Object, java.lang.Object, long, java.lang.Object)'> (0x00000001000d60e0) 
thrown [s\open\src\hotspot\share\interpreter\linkResolver.cpp, line 804]
Event: 0.603 Thread 0x00000215d331c320 Exception <a 'java/lang/NoSuchMethodError'{0x00000001004433b0}: 'java.lang.Object java.lang.invoke.DirectMethodHandle$Holder.newInvokeSpecial(java.lang.Object, double)'> (0x00000001004433b0) 
thrown [s\open\src\hotspot\share\interpreter\linkResolver.cpp, line 804]
Event: 0.650 Thread 0x00000215d331c320 Exception <a 'java/lang/NoSuchMethodError'{0x0000000100d96790}: 'void java.lang.invoke.DirectMethodHandle$Holder.invokeSpecial(java.lang.Object, java.lang.Object, java.lang.Object)'> (0x0000000100d96790) 
thrown [s\open\src\hotspot\share\interpreter\linkResolver.cpp, line 804]
Event: 0.652 Thread 0x00000215d331c320 Exception <a 'java/lang/NoSuchMethodError'{0x0000000100dcc9e8}: 'java.lang.Object java.lang.invoke.DirectMethodHandle$Holder.invokeStatic(java.lang.Object, int, java.lang.Object)'> (0x0000000100dcc9e8) 
thrown [s\open\src\hotspot\share\interpreter\linkResolver.cpp, line 804]
Event: 0.691 Thread 0x00000215d331c320 Exception <a 'java/lang/NoSuchMethodError'{0x00000000fdd17ab0}: 'float java.lang.invoke.DirectMethodHandle$Holder.invokeInterface(java.lang.Object, java.lang.Object, java.lang.Object)'> (0x00000000fdd17ab0) 
thrown [s\open\src\hotspot\share\interpreter\linkResolver.cpp, line 804]
Event: 0.694 Thread 0x00000215d331c320 Exception <a 'sun/nio/fs/WindowsException'{0x00000000fde49dd0}> (0x00000000fde49dd0) 
thrown [s\open\src\hotspot\share\prims\jni.cpp, line 516]
Event: 0.786 Thread 0x00000215d331c320 Exception <a 'java/lang/NoSuchMethodError'{0x00000000f9d6dbb8}: 'java.lang.Object java.lang.invoke.DirectMethodHandle$Holder.invokeStaticInit(java.lang.Object, int, int, int, int)'> (0x00000000f9d6dbb8) 
thrown [s\open\src\hotspot\share\interpreter\linkResolver.cpp, line 804]
Event: 0.796 Thread 0x00000215d331c320 Exception <a 'java/lang/NoSuchMethodError'{0x00000000f9e3e620}: 'java.lang.Object java.lang.invoke.DirectMethodHandle$Holder.invokeStaticInit(java.lang.Object, java.lang.Object, int, int, int, int)'> (0x00000000f9e3e620) 
thrown [s\open\src\hotspot\share\interpreter\linkResolver.cpp, line 804]
Event: 0.802 Thread 0x00000215d331c320 Exception <a 'sun/nio/fs/WindowsException'{0x00000000f9ee4548}> (0x00000000f9ee4548) 
thrown [s\open\src\hotspot\share\prims\jni.cpp, line 516]
Event: 0.803 Thread 0x00000215d331c320 Exception <a 'java/lang/NoSuchMethodError'{0x00000000f9ee7500}: 'void java.lang.invoke.DirectMethodHandle$Holder.invokeInterface(java.lang.Object, java.lang.Object, java.lang.Object)'> (0x00000000f9ee7500) 
thrown [s\open\src\hotspot\share\interpreter\linkResolver.cpp, line 804]
Event: 0.803 Thread 0x00000215d331c320 Exception <a 'java/lang/IncompatibleClassChangeError'{0x00000000f9eef1f8}: Found class java.lang.Object, but interface was expected> (0x00000000f9eef1f8) 
thrown [s\open\src\hotspot\share\interpreter\linkResolver.cpp, line 871]
Event: 0.804 Thread 0x00000215d331c320 Exception <a 'java/lang/NoSuchMethodError'{0x00000000f9f1f8a8}: 'void java.lang.invoke.DirectMethodHandle$Holder.invokeSpecial(java.lang.Object, java.lang.Object, java.lang.Object, java.lang.Object, java.lang.Object)'> (0x00000000f9f1f8a8) 
thrown [s\open\src\hotspot\share\interpreter\linkResolver.cpp, line 804]
Event: 0.805 Thread 0x00000215d331c320 Exception <a 'java/lang/NoSuchMethodError'{0x00000000f9f7dd70}: 'void java.lang.invoke.DirectMethodHandle$Holder.invokeStatic(java.lang.Object, int, java.lang.Object)'> (0x00000000f9f7dd70) 
thrown [s\open\src\hotspot\share\interpreter\linkResolver.cpp, line 804]

VM Operations (18 events):
Event: 0.038 Executing non-safepoint VM operation: HandshakeAllThreads (Deoptimize)
Event: 0.038 Executing non-safepoint VM operation: HandshakeAllThreads (Deoptimize) done
Event: 0.087 Executing non-safepoint VM operation: HandshakeAllThreads (Deoptimize)
Event: 0.087 Executing non-safepoint VM operation: HandshakeAllThreads (Deoptimize) done
Event: 0.093 Executing non-safepoint VM operation: HandshakeAllThreads (Deoptimize)
Event: 0.094 Executing non-safepoint VM operation: HandshakeAllThreads (Deoptimize) done
Event: 0.178 Executing non-safepoint VM operation: HandshakeAllThreads (Deoptimize)
Event: 0.178 Executing non-safepoint VM operation: HandshakeAllThreads (Deoptimize) done
Event: 0.253 Executing non-safepoint VM operation: HandshakeAllThreads (Deoptimize)
Event: 0.253 Executing non-safepoint VM operation: HandshakeAllThreads (Deoptimize) done
Event: 0.373 Executing non-safepoint VM operation: HandshakeAllThreads (Deoptimize)
Event: 0.373 Executing non-safepoint VM operation: HandshakeAllThreads (Deoptimize) done
Event: 0.378 Executing non-safepoint VM operation: HandshakeAllThreads (Deoptimize)
Event: 0.378 Executing non-safepoint VM operation: HandshakeAllThreads (Deoptimize) done
Event: 0.526 Executing safepoint VM operation: G1CollectForAllocation (G1 Evacuation Pause)
Event: 0.530 Executing safepoint VM operation: G1CollectForAllocation (G1 Evacuation Pause) done
Event: 0.814 Executing non-safepoint VM operation: HandshakeAllThreads (Deoptimize)
Event: 0.814 Executing non-safepoint VM operation: HandshakeAllThreads (Deoptimize) done

Memory protections (0 events):
No events

Nmethod flushes (0 events):
No events

Events (20 events):
Event: 0.020 Thread 0x00000215d331c320 Thread added: 0x00000215ee6c2650
Event: 0.021 Thread 0x00000215d331c320 Thread added: 0x00000215ee6c9920
Event: 0.021 Thread 0x00000215d331c320 Thread added: 0x00000215ee6cac90
Event: 0.021 Thread 0x00000215d331c320 Thread added: 0x00000215ee6cc7e0
Event: 0.021 Thread 0x00000215d331c320 Thread added: 0x00000215ee6cdfe0
Event: 0.021 Thread 0x00000215d331c320 Thread added: 0x00000215ee6d7bf0
Event: 0.021 Thread 0x00000215d331c320 Thread added: 0x00000215f99bb3a0
Event: 0.032 Thread 0x00000215ee6d7bf0 Thread added: 0x00000215f9a4e7d0
Event: 0.039 Thread 0x00000215f9a4e7d0 Thread added: 0x00000215f9a4cfa0
Event: 0.039 Thread 0x00000215ee6d7bf0 Thread added: 0x00000215f9a4f7f0
Event: 0.041 Thread 0x00000215ee6d7bf0 Thread added: 0x00000215f9a50000
Event: 0.046 Thread 0x00000215d331c320 Thread added: 0x00000215f9bb1110
Event: 0.066 Thread 0x00000215d331c320 Thread added: 0x00000215fe046690
Event: 0.066 Thread 0x00000215d331c320 Thread added: 0x00000215fe046e50
Event: 0.172 Thread 0x00000215f9a4f7f0 Thread added: 0x00000215f9a51830
Event: 0.245 Thread 0x00000215ee6d7bf0 Thread added: 0x00000215f9a53870
Event: 0.269 Thread 0x00000215f9a4cfa0 Thread added: 0x00000215fec11da0
Event: 0.283 Thread 0x00000215fec11da0 Thread added: 0x00000215fec13de0
Event: 0.283 Thread 0x00000215fec11da0 Thread added: 0x00000215fec125b0
Event: 0.625 Thread 0x00000215d331c320 Thread added: 0x000002159f1b7d30


Dynamic libraries:
0x00007ff6dacd0000 - 0x00007ff6dacde000 	C:\Users\Ben\.jdks\openjdk-25\bin\java.exe
0x00007ff804200000 - 0x00007ff804468000 	C:\WINDOWS\SYSTEM32\ntdll.dll
0x00007fffb19d0000 - 0x00007fffb19f0000 	C:\Program Files\Norton\Suite\aswhook.dll
0x00007ff803200000 - 0x00007ff8032c9000 	C:\WINDOWS\System32\KERNEL32.DLL
0x00007ff8014e0000 - 0x00007ff8018d2000 	C:\WINDOWS\System32\KERNELBASE.dll
0x00007ff801d10000 - 0x00007ff801e5b000 	C:\WINDOWS\System32\ucrtbase.dll
0x00007ffffda00000 - 0x00007ffffda17000 	C:\Users\Ben\.jdks\openjdk-25\bin\jli.dll
0x00007ffffbeb0000 - 0x00007ffffbece000 	C:\Users\Ben\.jdks\openjdk-25\bin\VCRUNTIME140.dll
0x00007ff803770000 - 0x00007ff803935000 	C:\WINDOWS\System32\USER32.dll
0x00007fffe8320000 - 0x00007fffe85b3000 	C:\WINDOWS\WinSxS\amd64_microsoft.windows.common-controls_6595b64144ccf1df_6.0.26100.6899_none_3e0efeeae32e88c1\COMCTL32.dll
0x00007ff801ac0000 - 0x00007ff801ae7000 	C:\WINDOWS\System32\win32u.dll
0x00007ff8028e0000 - 0x00007ff80290b000 	C:\WINDOWS\System32\GDI32.dll
0x00007ff8034f0000 - 0x00007ff803599000 	C:\WINDOWS\System32\msvcrt.dll
0x00007ff8018e0000 - 0x00007ff801a0d000 	C:\WINDOWS\System32\gdi32full.dll
0x00007ff801a10000 - 0x00007ff801ab3000 	C:\WINDOWS\System32\msvcp_win.dll
0x00007ff803300000 - 0x00007ff80332f000 	C:\WINDOWS\System32\IMM32.DLL
0x00007ffffbee0000 - 0x00007ffffbeec000 	C:\Users\Ben\.jdks\openjdk-25\bin\vcruntime140_1.dll
0x00007fffd9200000 - 0x00007fffd928d000 	C:\Users\Ben\.jdks\openjdk-25\bin\msvcp140.dll
0x00007fff270c0000 - 0x00007fff27f1f000 	C:\Users\Ben\.jdks\openjdk-25\bin\server\jvm.dll
0x00007ff803130000 - 0x00007ff8031e4000 	C:\WINDOWS\System32\ADVAPI32.dll
0x00007ff803940000 - 0x00007ff8039e6000 	C:\WINDOWS\System32\sechost.dll
0x00007ff8033d0000 - 0x00007ff8034e8000 	C:\WINDOWS\System32\RPCRT4.dll
0x00007ff8020a0000 - 0x00007ff802114000 	C:\WINDOWS\System32\WS2_32.dll
0x00007ff801050000 - 0x00007ff8010ae000 	C:\WINDOWS\SYSTEM32\POWRPROF.dll
0x00007ffff3c60000 - 0x00007ffff3c95000 	C:\WINDOWS\SYSTEM32\WINMM.dll
0x00007ffff9a90000 - 0x00007ffff9a9b000 	C:\WINDOWS\SYSTEM32\VERSION.dll
0x00007ff801030000 - 0x00007ff801044000 	C:\WINDOWS\SYSTEM32\UMPDC.dll
0x00007ff800140000 - 0x00007ff80015b000 	C:\WINDOWS\SYSTEM32\kernel.appcore.dll
0x00007ffffbea0000 - 0x00007ffffbeaa000 	C:\Users\Ben\.jdks\openjdk-25\bin\jimage.dll
0x00007ffffeb80000 - 0x00007ffffedc2000 	C:\WINDOWS\SYSTEM32\DBGHELP.DLL
0x00007ff802420000 - 0x00007ff80279b000 	C:\WINDOWS\System32\combase.dll
0x00007ff802800000 - 0x00007ff8028d7000 	C:\WINDOWS\System32\OLEAUT32.dll
0x00007ffff3fd0000 - 0x00007ffff400c000 	C:\WINDOWS\SYSTEM32\dbgcore.DLL
0x00007ff801af0000 - 0x00007ff801b88000 	C:\WINDOWS\System32\bcryptPrimitives.dll
0x00007ffffbe70000 - 0x00007ffffbe80000 	C:\Users\Ben\.jdks\openjdk-25\bin\instrument.dll
0x00007ffffbe80000 - 0x00007ffffbe9f000 	C:\Users\Ben\.jdks\openjdk-25\bin\java.dll
0x00007ff802120000 - 0x00007ff8022b8000 	C:\WINDOWS\System32\ole32.dll
0x00007ff8039f0000 - 0x00007ff80413d000 	C:\WINDOWS\System32\SHELL32.dll
0x00007ff801e60000 - 0x00007ff801fcb000 	C:\WINDOWS\System32\wintypes.dll
0x00007ffffefb0000 - 0x00007fffff80d000 	C:\WINDOWS\SYSTEM32\windows.storage.dll
0x00007ff8022c0000 - 0x00007ff8023b2000 	C:\WINDOWS\System32\SHCORE.dll
0x00007ff803700000 - 0x00007ff803762000 	C:\WINDOWS\System32\shlwapi.dll
0x00007ff8012b0000 - 0x00007ff8012d9000 	C:\WINDOWS\SYSTEM32\profapi.dll
0x00007ffff8fd0000 - 0x00007ffff8fe7000 	C:\Users\Ben\.jdks\openjdk-25\bin\zip.dll
0x00007ffffbe50000 - 0x00007ffffbe62000 	C:\Users\Ben\.jdks\openjdk-25\bin\net.dll
0x00007ff8006d0000 - 0x00007ff80073b000 	C:\WINDOWS\system32\mswsock.dll
0x00007ffff9040000 - 0x00007ffff9056000 	C:\Users\Ben\.jdks\openjdk-25\bin\nio.dll
0x00007ffffbe40000 - 0x00007ffffbe49000 	C:\Users\Ben\.jdks\openjdk-25\bin\extnet.dll
0x00007ffff8fb0000 - 0x00007ffff8fba000 	C:\Users\Ben\.jdks\openjdk-25\bin\management.dll
0x00007ffff8fa0000 - 0x00007ffff8fac000 	C:\Users\Ben\.jdks\openjdk-25\bin\management_ext.dll
0x00007ff801fd0000 - 0x00007ff801fd8000 	C:\WINDOWS\System32\PSAPI.DLL
0x00007ff800980000 - 0x00007ff80099b000 	C:\WINDOWS\SYSTEM32\CRYPTSP.dll
0x00007ff8000a0000 - 0x00007ff8000db000 	C:\WINDOWS\system32\rsaenh.dll
0x00007ff800770000 - 0x00007ff80079b000 	C:\WINDOWS\SYSTEM32\USERENV.dll
0x00007ff801280000 - 0x00007ff8012a6000 	C:\WINDOWS\SYSTEM32\bcrypt.dll
0x00007ff8009a0000 - 0x00007ff8009ac000 	C:\WINDOWS\SYSTEM32\CRYPTBASE.dll
0x00007fffffbd0000 - 0x00007fffffc04000 	C:\WINDOWS\SYSTEM32\IPHLPAPI.DLL
0x00007ff8027a0000 - 0x00007ff8027aa000 	C:\WINDOWS\System32\NSI.dll

JVMTI agents:
C:\Program Files\JetBrains\IntelliJ IDEA 2024.3.4.1\lib\idea_rt.jar path:C:\Users\Ben\.jdks\openjdk-25\bin\instrument.dll, loaded, initialized, instrumentlib options:56089

dbghelp: loaded successfully - version: 4.0.5 - missing functions: none
symbol engine: initialized successfully - sym options: 0x614 - pdb path: .;C:\Users\Ben\.jdks\openjdk-25\bin;C:\WINDOWS\SYSTEM32;C:\Program Files\Norton\Suite;C:\WINDOWS\WinSxS\amd64_microsoft.windows.common-controls_6595b64144ccf1df_6.0.26100.6899_none_3e0efeeae32e88c1;C:\Users\Ben\.jdks\openjdk-25\bin\server

VM Arguments:
jvm_args: -javaagent:C:\Program Files\JetBrains\IntelliJ IDEA 2024.3.4.1\lib\idea_rt.jar=56089 -Dfile.encoding=UTF-8 -Dsun.stdout.encoding=UTF-8 -Dsun.stderr.encoding=UTF-8 
java_command: com.test.minestom.Main
java_class_path (initial): G:\minestom-mechanics-lib\minestom-mechanics-lib\minestom-test-server\target\classes;G:\minestom-mechanics-lib\minestom-mechanics-lib\minestom-mechanics-lib\target\classes;C:\Users\Ben\.m2\repository\net\minestom\minestom\2025.10.11-1.21.10\minestom-2025.10.11-1.21.10.jar;C:\Users\Ben\.m2\repository\org\jetbrains\annotations\26.0.2-1\annotations-26.0.2-1.jar;C:\Users\Ben\.m2\repository\net\kyori\adventure-api\4.25.0\adventure-api-4.25.0.jar;C:\Users\Ben\.m2\repository\net\kyori\adventure-key\4.25.0\adventure-key-4.25.0.jar;C:\Users\Ben\.m2\repository\net\kyori\examination-api\1.3.0\examination-api-1.3.0.jar;C:\Users\Ben\.m2\repository\net\kyori\examination-string\1.3.0\examination-string-1.3.0.jar;C:\Users\Ben\.m2\repository\net\kyori\adventure-nbt\4.25.0\adventure-nbt-4.25.0.jar;C:\Users\Ben\.m2\repository\net\kyori\adventure-text-serializer-gson\4.25.0\adventure-text-serializer-gson-4.25.0.jar;C:\Users\Ben\.m2\repository\net\kyori\adventure-text-serializer-json\4.25.0\adventure-text-serializer-json-4.25.0.jar;C:\Users\Ben\.m2\repository\net\kyori\option\1.1.0\option-1.1.0.jar;C:\Users\Ben\.m2\repository\org\jspecify\jspecify\1.0.0\jspecify-1.0.0.jar;C:\Users\Ben\.m2\repository\com\google\auto\service\auto-service-annotations\1.1.1\auto-service-annotations-1.1.1.jar;C:\Users\Ben\.m2\repository\net\kyori\adventure-text-serializer-commons\4.25.0\adventure-text-serializer-commons-4.25.0.jar;C:\Users\Ben\.m2\repository\net\kyori\adventure-text-serializer-legacy\4.25.0\adventure-text-serializer-legacy-4.25.0.jar;C:\Users\Ben\.m2\repository\net\kyori\adventure-text-serializer-plain\4.25.0\adventure-text-serializer-plain-4.25.0.jar;C:\Users\Ben\.m2\repository\net\kyori\adventure-text-serializer-ansi\4.25.0\adventure-text-serializer-ansi-4.25.0.jar;C:\Users\Ben\.m2\repository\net\kyori\ansi\1.1.1\ansi-1.1.1.jar;C:\Users\Ben\.m2\repository\net\kyori\adventure-text-logger-slf4j\4.25.0\adventure-text-logger-slf4j-4.25.0.jar;C:\Users\Ben\.m2\repository\com\google\code\gson\gson\2.13.2\gson-2.13.2.jar;C:\Users\Ben\.m2\repository\com\google\errorprone\error_prone_annotations\2.41.0\error_prone_annotations-2.41.0.jar;C:\Users\Ben\.m2\repository\org\slf4j\slf4j-api\2.0.17\slf4j-api-2.0.17.jar;C:\Users\Ben\.m2\repository\net\minestom\data\1.21.10-rv1\data-1.21.10-rv1.jar;C:\Users\Ben\.m2\repository\space\vectrix\flare\flare\2.0.1\flare-2.0.1.jar;C:\Users\Ben\.m2\repository\space\vectrix\flare\flare-fastutil\2.0.1\flare-fastutil-2.0.1.jar;C:\Users\Ben\.m2\repository\org\jctools\jctools-core\4.0.5\jctools-core-4.0.5.jar;C:\Users\Ben\.m2\repository\ch\qos\logback\logback-classic\1.5.19\logback-classic-1.5.19.jar;C:\Users\Ben\.m2\repository\ch\qos\logback\logback-core\1.5.19\logback-core-1.5.19.jar;C:\Users\Ben\.m2\repository\it\unimi\dsi\fastutil\8.5.18\fastutil-8.5.18.jar
Launcher Type: SUN_STANDARD

[Global flags]
     intx CICompilerCount                          = 15                                        {product} {ergonomic}
     uint ConcGCThreads                            = 6                                         {product} {ergonomic}
     uint G1ConcRefinementThreads                  = 23                                        {product} {ergonomic}
   size_t G1HeapRegionSize                         = 16777216                                  {product} {ergonomic}
   size_t InitialHeapSize                          = 2147483648                                {product} {ergonomic}
   size_t MarkStackSize                            = 4194304                                   {product} {ergonomic}
   size_t MarkStackSizeMax                         = 536870912                                 {product} {ergonomic}
   size_t MaxHeapSize                              = 32178700288                               {product} {ergonomic}
   size_t MaxNewSize                               = 19293798400                               {product} {ergonomic}
   size_t MinHeapDeltaBytes                        = 16777216                                  {product} {ergonomic}
   size_t MinHeapSize                              = 16777216                                  {product} {ergonomic}
    uintx NonNMethodCodeHeapSize                   = 8192000                                {pd product} {ergonomic}
    uintx NonProfiledCodeHeapSize                  = 121765888                              {pd product} {ergonomic}
    uintx ProfiledCodeHeapSize                     = 121700352                              {pd product} {ergonomic}
    uintx ReservedCodeCacheSize                    = 251658240                              {pd product} {ergonomic}
     bool SegmentedCodeCache                       = true                                      {product} {ergonomic}
   size_t SoftMaxHeapSize                          = 32178700288                            {manageable} {ergonomic}
     bool UseCompressedOops                        = true                           {product lp64_product} {ergonomic}
     bool UseG1GC                                  = true                                      {product} {ergonomic}
     bool UseLargePagesIndividualAllocation        = false                                  {pd product} {ergonomic}

Logging:
Log output configuration:
 #0: stdout all=warning uptime,level,tags foldmultilines=false
 #1: stderr all=off uptime,level,tags foldmultilines=false

Release file:
IMPLEMENTOR="Oracle Corporation" 
JAVA_RUNTIME_VERSION="25+36-3489" 
JAVA_VERSION="25" 
JAVA_VERSION_DATE="2025-09-16" 
LIBC="default" 
MODULES="java.base java.compiler java.datatransfer java.xml java.prefs java.desktop java.instrument java.logging java.management java.security.sasl java.naming java.rmi java.management.rmi java.net.http java.scripting java.security.jgss java.transaction.xa java.sql java.sql.rowset java.xml.crypto java.se java.smartcardio jdk.accessibility jdk.internal.jvmstat jdk.attach jdk.charsets jdk.internal.opt jdk.zipfs jdk.compiler jdk.crypto.cryptoki jdk.crypto.ec jdk.crypto.mscapi jdk.dynalink jdk.internal.ed jdk.editpad jdk.internal.vm.ci jdk.graal.compiler jdk.graal.compiler.management jdk.hotspot.agent jdk.httpserver jdk.incubator.vector jdk.internal.le jdk.internal.md jdk.jartool jdk.javadoc jdk.jcmd jdk.management jdk.management.agent jdk.jconsole jdk.jdeps jdk.jdwp.agent jdk.jdi jdk.jfr jdk.jlink jdk.jpackage jdk.jshell jdk.jsobject jdk.jstatd jdk.localedata jdk.management.jfr jdk.naming.dns jdk.naming.rmi jdk.net jdk.nio.mapmode jdk.sctp jdk.security.auth jdk.security.jgss jdk.unsupported jdk.unsupported.desktop jdk.xml.dom" 
OS_ARCH="x86_64" 
OS_NAME="Windows" 
SOURCE=".:git:6c48f4ed707b" 

Environment Variables:
PATH=C:\Windows;C:\Program Files\Eclipse Adoptium\jdk-25.0.0.36-hotspot\bin;C:\Users\Ben\AppData\Local\Programs\Python\Python313\Scripts\;C:\Users\Ben\AppData\Local\Programs\Python\Python313\;G:\SIMULA\Commands;C:\Program Files\Semeru\jre-17.0.14.7-openj9\bin;C:\Program Files\Common Files\Oracle\Java\javapath;C:\Program Files (x86)\Common Files\Oracle\Java\java8path;C:\Program Files (x86)\Common Files\Oracle\Java\javapath;C:\Program Files\Simcenter\v1610_student\Amesim;C:\Program Files\Simcenter\v1610_student\Amesim\win64;C:\Program Files\Simcenter\v1610_student\Amesim\win32;C:\Program Files\Simcenter\v1610_student\Amesim\sys\mingw32\bin;C:\Program Files\Simcenter\v1610_student\Amesim\sys\python\win64;C:\WINDOWS\system32;C:\WINDOWS;C:\WINDOWS\System32\Wbem;C:\WINDOWS\System32\WindowsPowerShell\v1.0\;C:\WINDOWS\System32\OpenSSH\;C:\Program Files (x86)\NVIDIA Corporation\PhysX\Common;G:\MatLab\bin;C:\Program Files\dotnet\;G:\New_MatLab\runtime\win64;G:\New_MatLab\bin;G:\NX\CAPITALINTEGRATION\capitalnxremote\;C:\Program Files (x86)\Windows Kits\10\Windows Performance Toolkit\;C:\Program Files\NVIDIA Corporation\NVIDIA app\NvDLISR;C:\Program Files (x86)\IVI Foundation\VISA\WinNT\Bin\;C:\Program Files\IVI Foundation\VISA\Win64\Bin\;C:\Program Files (x86)\IVI Foundation\VISA\WinNT\Bin;C:\Program Files\Git\cmd;C:\Program Files (x86)\Windows Kits\8.1\Windows Performance Toolkit\;C:\Program Files\nodejs\;C:\ProgramData\chocolatey\bin;C:\Program Files\CMake\bin;C:\Program Files\Docker\Docker\resources\bin;C:\Users\Ben\AppData\Local\Programs\Python\Launcher;C:\Users\Ben\AppData\Local\Programs\Microsoft VS Code\bin;C:\Users\Ben\AppData\Local\Programs\cursor\resources\app\bin;C:\Users\Ben\AppData\Roaming\npm;C:\Program Files\Redis;C:\Program Files\MySQL\MySQL Server 9.4\bin;
USERNAME=Ben
OS=Windows_NT
PROCESSOR_IDENTIFIER=Intel64 Family 6 Model 183 Stepping 1, GenuineIntel
TMP=C:\Users\Ben\AppData\Local\Temp
TEMP=C:\Users\Ben\AppData\Local\Temp




Compilation memory statistics disabled.

Periodic native trim disabled

---------------  S Y S T E M  ---------------

OS:
 Windows 11 , 64 bit Build 26100 (10.0.26100.6725)
OS uptime: 0 days 2:45 hours
Hyper-V role detected

CPU: total 32 (initial active 32) (16 cores per cpu, 2 threads per core) family 6 model 183 stepping 1 microcode 0x125, cx8, cmov, fxsr, ht, mmx, 3dnowpref, sse, sse2, sse3, ssse3, sse4.1, sse4.2, popcnt, lzcnt, tsc, tscinvbit, avx, avx2, aes, erms, clmul, bmi1, bmi2, adx, sha, fma, vzeroupper, clflush, clflushopt, clwb, hv, serialize, rdtscp, rdpid, fsrm, gfni, f16c, cet_ibt, cet_ss
Processor Information for the first 32 processors :
  Max Mhz: 3200, Current Mhz: 3200, Mhz Limit: 3200

Memory: 4k page, system-wide physical 130836M (94789M free)
TotalPageFile size 162836M (AvailPageFile size 116180M)
current process WorkingSet (physical memory assigned to process): 264M, peak: 264M
current process commit charge ("private bytes"): 2296M, peak: 2317M

vm_info: OpenJDK 64-Bit Server VM (25+36-3489) for windows-amd64 JRE (25+36-3489), built on 2025-08-12T17:19:28Z with unknown MS VC++:1943

END.
